Started: 30Sep2015_17:59:16
====================== Settings ======================

------------------- Pipeline summary -----------------

Pipeline merges bam files from multiple lanes for a wes library.  

Then it calculated a number of metrics for the merged bam files:
- flagstat (samtools)
- mark-duplicates stats (picard)
- insert sisez stats (picard)
- alignment summary metrics (picard)
- hybridisation selection metrics (picard)
- Qualimap report
- Samstat report
- DiagnoseTargets and QualifyMissingIntervals (gatk)

Metrics include reports for each sample separately as well as summary 
tables and plots for all samples on the lane. 

------------------ Analysis settings -----------------

project: project1
library: library1
lanes: lane1 lane2 lane3 lane4

data_server: admin@mgqnap.medschl.cam.ac.uk
project_location: /share/alexey

remove_project_folder: yes

------------------- HPC settings ---------------------

working_folder: /scratch/medgen/users/alexey
project_folder: /scratch/medgen/users/alexey/project1
library_folder: /scratch/medgen/users/alexey/project1/library1

account_copy_in: TISCHKOWITZ-SL2
time_copy_in: 02:00:00

account_merge_qc: TISCHKOWITZ-SL2
time_merge_qc: 05:00:00

account_move_out: TISCHKOWITZ-SL2
time_move_out: 02:00:00

------------------ mgqnap settings -------------------

mgqnap_user: alexey
mgqnap_group: mtgroup

----------------- Standard settings ------------------

scripts_folder: /scratch/medgen/scripts/p02_wes_library_merge_and_qc

Tools
-----

tools_folder: /scratch/medgen/tools

java6: /scratch/medgen/tools/java/jre1.6.0_45/bin/java
java7: /scratch/medgen/tools/java/jre1.7.0_76/bin/java
java8: /scratch/medgen/tools/java/jre1.8.0_40/bin/java

samtools: /scratch/medgen/tools/samtools/samtools-1.2/bin/samtools
samtools_folder: /scratch/medgen/tools/samtools/samtools-1.2/bin

picard: /scratch/medgen/tools/picard/picard-tools-1.133/picard.jar
gatk: /scratch/medgen/tools/gatk/gatk-3.4-46/GenomeAnalysisTK.jar

r_folder: /scratch/medgen/tools/r/R-3.2.0/bin

qualimap: /scratch/medgen/tools/qualimap/qualimap_v2.1.1/qualimap.modified

gnuplot: /scratch/medgen/tools/gnuplot/gnuplot-5.0.1/bin/gnuplot
LiberationSansRegularTTF: /scratch/medgen/tools/fonts/liberation-fonts-ttf-2.00.1/LiberationSans-Regular.ttf

samstat: /scratch/medgen/tools/samstat/samstat-1.5.1/bin/samstat

rsync: /scratch/medgen/tools/rsync/rsync-3.1.1/bin/rsync

Resources
---------

resources_folder: /scratch/medgen/resources

ref_genome: /scratch/medgen/resources/gatk_bundle/b37/decompressed/human_g1k_v37.fasta
broad_exome: /scratch/medgen/resources/gatk_bundle/b37/decompressed/Broad.human.exome.b37.interval_list

hs_metrics_probes_name: Nexera_Rapid_Capture_Exome
nextera_probes_intervals: /scratch/medgen/resources/illumina_nextera/nexterarapidcapture_exome_probes_v1.2.b37.intervals
nextera_targets_intervals: /scratch/medgen/resources/illumina_nextera/nexterarapidcapture_exome_targetedregions_v1.2.b37.intervals
nextera_targets_bed_3: /scratch/medgen/resources/illumina_nextera/nexterarapidcapture_exome_targetedregions_v1.2.b37.bed
nextera_targets_bed_6: /scratch/medgen/resources/illumina_nextera/nexterarapidcapture_exome_targetedregions_v1.2.b37.6.bed

Working folders
---------------

merged_folder: /scratch/medgen/users/alexey/project1/library1/merged
logs_folder: /scratch/medgen/users/alexey/project1/library1/merged/f00_logs
bam_folder: /scratch/medgen/users/alexey/project1/library1/merged/f01_bams
flagstat_folder: /scratch/medgen/users/alexey/project1/library1/merged/f02_metrics/f01_flagstat
picard_mkdup_folder: /scratch/medgen/users/alexey/project1/library1/merged/f02_metrics/f02_picard/f01_mkdup_metrics
picard_inserts_folder: /scratch/medgen/users/alexey/project1/library1/merged/f02_metrics/f02_picard/f02_inserts_metrics
picard_alignment_folder: /scratch/medgen/users/alexey/project1/library1/merged/f02_metrics/f02_picard/f03_alignment_metrics
picard_hybridisation_folder: /scratch/medgen/users/alexey/project1/library1/merged/f02_metrics/f02_picard/f04_hybridisation_metrics
picard_summary_folder: /scratch/medgen/users/alexey/project1/library1/merged/f02_metrics/f02_picard/f05_metrics_summaries
qualimap_results_folder: /scratch/medgen/users/alexey/project1/library1/merged/f02_metrics/f03_qualimap
samstat_results_folder: /scratch/medgen/users/alexey/project1/library1/merged/f02_metrics/f04_samstat
gatk_diagnose_targets_folder: /scratch/medgen/users/alexey/project1/library1/merged/f02_metrics/f05_gatk/f01_diagnose_targets
gatk_depth_of_coverage_folder: /scratch/medgen/users/alexey/project1/library1/merged/f02_metrics/f05_gatk/f02_depth_of_coverage

=====================================================


DiagnoseTargets
Started: 30Sep2015_17:59:16
Completed: 30Sep2015_18:11:44

Analyse missing targets
Started: 30Sep2015_18:11:44
Completed: 30Sep2015_18:15:48

