INFO  17:59:25,550 HelpFormatter - --------------------------------------------------------------------------------- 
INFO  17:59:25,553 HelpFormatter - The Genome Analysis Toolkit (GATK) v3.4-46-gbc02625, Compiled 2015/07/09 17:38:12 
INFO  17:59:25,553 HelpFormatter - Copyright (c) 2010 The Broad Institute 
INFO  17:59:25,553 HelpFormatter - For support and documentation go to http://www.broadinstitute.org/gatk 
INFO  17:59:25,556 HelpFormatter - Program Args: -T DiagnoseTargets -R /scratch/medgen/resources/gatk_bundle/b37/decompressed/human_g1k_v37.fasta -L /scratch/medgen/resources/illumina_nextera/nexterarapidcapture_exome_targetedregions_v1.2.b37.intervals -I /scratch/medgen/scripts/development/P1_A01_dedup.bam -o /scratch/medgen/scripts/development/P1_A01_diagnose_targets.vcf -missing /scratch/medgen/scripts/development/P1_A01_missing_targets.intervals 
INFO  17:59:25,561 HelpFormatter - Executing as al720@sand-1-20 on Linux 2.6.32-504.23.4.el6.x86_64 amd64; Java HotSpot(TM) 64-Bit Server VM 1.7.0_76-b13. 
INFO  17:59:25,561 HelpFormatter - Date/Time: 2015/09/30 17:59:25 
INFO  17:59:25,561 HelpFormatter - --------------------------------------------------------------------------------- 
INFO  17:59:25,561 HelpFormatter - --------------------------------------------------------------------------------- 
INFO  17:59:26,288 GenomeAnalysisEngine - Strictness is SILENT 
INFO  17:59:26,407 GenomeAnalysisEngine - Downsampling Settings: No downsampling 
INFO  17:59:26,415 SAMDataSource$SAMReaders - Initializing SAMRecords in serial 
INFO  17:59:26,475 SAMDataSource$SAMReaders - Done initializing BAM readers: total time 0.05 
INFO  17:59:27,044 IntervalUtils - Processing 45112692 bp from intervals 
INFO  17:59:27,474 GenomeAnalysisEngine - Preparing for traversal over 1 BAM files 
INFO  17:59:27,772 GenomeAnalysisEngine - Done preparing for traversal 
INFO  17:59:27,772 ProgressMeter - [INITIALIZATION COMPLETE; STARTING PROCESSING] 
INFO  17:59:27,772 ProgressMeter -                 | processed |    time |    per 1M |           |   total | remaining 
INFO  17:59:27,773 ProgressMeter -        Location |     sites | elapsed |     sites | completed | runtime |   runtime 
INFO  17:59:57,778 ProgressMeter -      1:93584819   7758476.0    30.0 s       3.0 s        4.3%    11.6 m      11.1 m 
INFO  18:00:27,782 ProgressMeter -     1:201342168   1.5070392E7    60.0 s       3.0 s        8.1%    12.3 m      11.3 m 
INFO  18:00:57,783 ProgressMeter -      2:70223798   2.0519061E7    90.0 s       4.0 s       11.8%    12.7 m      11.2 m 
INFO  18:01:27,784 ProgressMeter -     2:189861829   2.6660248E7   120.0 s       4.0 s       15.3%    13.1 m      11.1 m 
INFO  18:01:57,786 ProgressMeter -      3:52558585   3.4883802E7     2.5 m       4.0 s       19.5%    12.8 m      10.3 m 
INFO  18:02:27,787 ProgressMeter -     3:196443713   3.9716047E7     3.0 m       4.0 s       22.9%    13.1 m      10.1 m 
INFO  18:02:57,788 ProgressMeter -     4:155244387   4.3822123E7     3.5 m       4.0 s       26.2%    13.3 m       9.8 m 
INFO  18:03:27,789 ProgressMeter -     5:131676408   4.7671137E7     4.0 m       5.0 s       29.3%    13.6 m       9.6 m 
INFO  18:03:57,791 ProgressMeter -      6:54254688   5.6156234E7     4.5 m       4.0 s       33.8%    13.3 m       8.8 m 
INFO  18:04:27,792 ProgressMeter -      7:25267980   6.0321657E7     5.0 m       4.0 s       37.1%    13.5 m       8.5 m 
INFO  18:04:57,794 ProgressMeter -     7:144532626   6.5935459E7     5.5 m       5.0 s       40.7%    13.5 m       8.0 m 
INFO  18:05:27,795 ProgressMeter -     8:133723201   7.0392513E7     6.0 m       5.0 s       44.0%    13.6 m       7.6 m 
INFO  18:05:57,797 ProgressMeter -     9:134371227   7.6769476E7     6.5 m       5.0 s       48.1%    13.5 m       7.0 m 
INFO  18:06:27,799 ProgressMeter -    10:112839078   8.3301328E7     7.0 m       5.0 s       52.1%    13.4 m       6.4 m 
INFO  18:06:57,800 ProgressMeter -     11:87034393   9.2588751E7     7.5 m       4.0 s       57.0%    13.2 m       5.7 m 
INFO  18:07:27,802 ProgressMeter -     12:56557411   1.00174822E8     8.0 m       4.0 s       61.1%    13.1 m       5.1 m 
INFO  18:07:57,804 ProgressMeter -     13:67802574   1.06107163E8     8.5 m       4.0 s       64.9%    13.1 m       4.6 m 
INFO  18:08:27,806 ProgressMeter -    14:105934614   1.12512718E8     9.0 m       4.0 s       68.8%    13.1 m       4.1 m 
INFO  18:08:57,808 ProgressMeter -      16:4934737   1.21395176E8     9.5 m       4.0 s       73.4%    12.9 m       3.4 m 
INFO  18:09:27,810 ProgressMeter -     17:16256329   1.31105721E8    10.0 m       4.0 s       78.1%    12.8 m       2.8 m 
INFO  18:09:57,813 ProgressMeter -     18:22775258   1.40772999E8    10.5 m       4.0 s       83.0%    12.7 m       2.2 m 
INFO  18:10:27,815 ProgressMeter -     19:49468815   1.50827911E8    11.0 m       4.0 s       88.8%    12.4 m      83.0 s 
INFO  18:10:57,817 ProgressMeter -     22:19496052   1.58698372E8    11.5 m       4.0 s       93.7%    12.3 m      46.0 s 
INFO  18:11:27,820 ProgressMeter -      X:86087185   1.65440878E8    12.0 m       4.0 s       97.9%    12.3 m      15.0 s 
INFO  18:11:43,413 ProgressMeter -            done   1.68114276E8    12.3 m       4.0 s      100.0%    12.3 m       0.0 s 
INFO  18:11:43,413 ProgressMeter - Total runtime 735.64 secs, 12.26 min, 0.20 hours 
INFO  18:11:43,416 MicroScheduler - 72222 reads were filtered out during the traversal out of approximately 28080934 total reads (0.26%) 
INFO  18:11:43,417 MicroScheduler -   -> 0 reads (0.00% of total) failing BadCigarFilter 
INFO  18:11:43,417 MicroScheduler -   -> 0 reads (0.00% of total) failing DuplicateReadFilter 
INFO  18:11:43,417 MicroScheduler -   -> 0 reads (0.00% of total) failing FailsVendorQualityCheckFilter 
INFO  18:11:43,417 MicroScheduler -   -> 0 reads (0.00% of total) failing MalformedReadFilter 
INFO  18:11:43,418 MicroScheduler -   -> 3522 reads (0.01% of total) failing NotPrimaryAlignmentFilter 
INFO  18:11:43,418 MicroScheduler -   -> 68700 reads (0.24% of total) failing UnmappedReadFilter 
INFO  18:11:44,906 GATKRunReport - Uploaded run statistics report to AWS S3 
